#
# A fatal error has been detected by the Java Runtime Environment:
#
#  Internal Error (os_windows_x86.cpp:114), pid=6956, tid=6380
#  Error: guarantee(result == -1,"Unexpected result from topLevelExceptionFilter")
#
# JRE version: 6.0_17-b04
# Java VM: Java HotSpot(TM) 64-Bit Server VM (14.3-b01 mixed mode windows-amd64 )
# If you would like to submit a bug report, please visit:
#   http://java.sun.com/webapps/bugreport/crash.jsp
# The crash happened outside the Java Virtual Machine in native code.
# See problematic frame for where to report the bug.
#

---------------  T H R E A D  ---------------

Current thread (0x000000000527c000):  JavaThread "main" [_thread_in_native, id=6380, stack(0x00000000000c0000,0x00000000040c0000)]

Stack: [0x00000000000c0000,0x00000000040c0000]
[error occurred during error reporting (printing stack bounds), id 0xc0000005]

Java frames: (J=compiled Java code, j=interpreted, Vv=VM code)
j  com.mathworks.jmi.NativeMatlab.ProcessPendingEvents()Z+0
j  com.mathworks.jmi.NativeMatlab.processPendingEvents()Z+8
j  com.mathworks.jmi.Matlab$ProcessPendingEvents.callBooleanMethod(Ljava/lang/Object;)Z+0
j  com.mathworks.util.FactoryUtils.processPendingEvents()Z+12
j  com.mathworks.widgets.desk.Desktop.canClose()Z+38
j  com.mathworks.mde.desk.MLDesktop.canClose()Z+113
j  com.mathworks.mde.desk.MLDesktop$2.call()Ljava/lang/Boolean;+4
j  com.mathworks.mde.desk.MLDesktop$2.call()Ljava/lang/Object;+1
j  com.mathworks.jmi.Matlab.isOkToExit()Z+54
v  ~StubRoutines::call_stub
j  com.mathworks.jmi.NativeMatlab.SendMatlabMessage(Ljava/lang/Object;)Ljava/lang/Object;+0
j  com.mathworks.jmi.NativeMatlab.sendMatlabMessage(Ljava/lang/Object;)Ljava/lang/Object;+22
j  com.mathworks.jmi.MatlabLooper.sendMatlabMessage(Lcom/mathworks/services/message/MWMessage;)Ljava/lang/Object;+20
j  com.mathworks.jmi.Matlab.mtFevalConsoleOutput(Ljava/lang/String;[Ljava/lang/Object;I)Ljava/lang/Object;+58
j  com.mathworks.mde.desk.MLDesktop$9.run()V+14
j  com.mathworks.jmi.NativeMatlab.dispatchMTRequests(Z)V+57
v  ~StubRoutines::call_stub

---------------  P R O C E S S  ---------------

Java Threads: ( => current thread )
  0x000000000f33a000 JavaThread "Image Fetcher 3" daemon [_thread_blocked, id=109272, stack(0x000000006e350000,0x000000006e3d0000)]
  0x000000000f33d000 JavaThread "Code Analyzer updating thread" [_thread_blocked, id=108488, stack(0x000000005d670000,0x000000005d6f0000)]
  0x000000000f340800 JavaThread "pool-8-thread-1" [_thread_blocked, id=11516, stack(0x0000000060010000,0x0000000060090000)]
  0x000000000f338000 JavaThread "Prefs Updater" daemon [_thread_blocked, id=7776, stack(0x0000000029280000,0x0000000029300000)]
  0x000000000f342800 JavaThread "Foxtrot Single Worker Thread #1" daemon [_thread_blocked, id=7720, stack(0x0000000010e50000,0x0000000010ed0000)]
  0x000000000f341800 JavaThread "Code Analyzer updating thread" [_thread_blocked, id=7236, stack(0x00000000290c0000,0x0000000029140000)]
  0x000000000f340000 JavaThread "Code Analyzer updating thread" [_thread_blocked, id=1816, stack(0x0000000030680000,0x0000000030700000)]
  0x000000000f33f000 JavaThread "Code Analyzer updating thread" [_thread_blocked, id=5832, stack(0x0000000061460000,0x00000000614e0000)]
  0x000000000f33e800 JavaThread "Code Analyzer updating thread" [_thread_blocked, id=4168, stack(0x0000000019000000,0x0000000019080000)]
  0x000000000f33d800 JavaThread "Active Reference Queue Daemon" daemon [_thread_blocked, id=4924, stack(0x00000000409a0000,0x0000000040a20000)]
  0x000000000f33b800 JavaThread "Timer-10" daemon [_thread_blocked, id=6888, stack(0x000000003c910000,0x000000003c990000)]
  0x000000000f33c000 JavaThread "Timer-9" daemon [_thread_blocked, id=3340, stack(0x00000000081b0000,0x0000000008230000)]
  0x000000000f33b000 JavaThread "Explorer NavigationContext request queue" [_thread_blocked, id=6780, stack(0x0000000008130000,0x00000000081b0000)]
  0x000000000f338800 JavaThread "AddressBar directory emptiness poller" [_thread_blocked, id=6644, stack(0x00000000613c0000,0x0000000061440000)]
  0x000000000f337000 JavaThread "Timer-1" [_thread_blocked, id=6492, stack(0x00000000581b0000,0x0000000058230000)]
  0x000000000f335800 JavaThread "TimerQueue" daemon [_thread_blocked, id=6200, stack(0x000000001d1d0000,0x000000001d250000)]
  0x000000000f335000 JavaThread "AWT-EventQueue-0" [_thread_in_vm, id=6716, stack(0x0000000038840000,0x00000000388c0000)]
  0x000000000f334800 JavaThread "AWT-Shutdown" [_thread_blocked, id=6612, stack(0x0000000034700000,0x0000000034780000)]
  0x000000000f835800 JavaThread "FelixPackageAdmin" daemon [_thread_blocked, id=6972, stack(0x0000000044a50000,0x0000000044ad0000)]
  0x000000000f739000 JavaThread "FelixStartLevel" daemon [_thread_blocked, id=6752, stack(0x000000002c580000,0x000000002c600000)]
  0x000000000f585000 JavaThread "FelixDispatchQueue" daemon [_thread_blocked, id=4848, stack(0x0000000034780000,0x0000000034800000)]
  0x000000000f314800 JavaThread "com.google.common.base.internal.Finalizer" daemon [_thread_blocked, id=6376, stack(0x000000001d100000,0x000000001d180000)]
  0x000000000f1db000 JavaThread "AWT-Windows" daemon [_thread_in_native, id=5440, stack(0x000000000fba0000,0x000000000fc20000)]
  0x000000000e519000 JavaThread "Java2D Disposer" daemon [_thread_blocked, id=6060, stack(0x000000000fd90000,0x000000000fe10000)]
  0x000000000eeee800 JavaThread "Timer-0" [_thread_blocked, id=6648, stack(0x000000000dd40000,0x000000000ddc0000)]
  0x000000000ed56800 JavaThread "EventMgr Dispatcher" daemon [_thread_in_native, id=1056, stack(0x0000000010f80000,0x0000000014f80000)]
  0x000000000dca0000 JavaThread "Low Memory Detector" daemon [_thread_blocked, id=5360, stack(0x000000000ddd0000,0x000000000de50000)]
  0x000000000dc9b000 JavaThread "CompilerThread1" daemon [_thread_blocked, id=6428, stack(0x000000004ce50000,0x0000000050e50000)]
  0x000000000dc93000 JavaThread "CompilerThread0" daemon [_thread_blocked, id=5436, stack(0x0000000048dc0000,0x000000004cdc0000)]
  0x000000000dc47800 JavaThread "Attach Listener" daemon [_thread_blocked, id=6564, stack(0x000000000c430000,0x000000000c4b0000)]
  0x000000000dc31800 JavaThread "Finalizer" daemon [_thread_blocked, id=6900, stack(0x000000000de70000,0x000000000def0000)]
  0x000000000dc2b000 JavaThread "Reference Handler" daemon [_thread_blocked, id=7076, stack(0x000000000df00000,0x000000000df80000)]
=>0x000000000527c000 JavaThread "main" [_thread_in_native, id=6380, stack(0x00000000000c0000,0x00000000040c0000)]

Other Threads:
  0x000000000dc27000 VMThread [stack: 0x0000000044be0000,0x0000000048be0000] [id=5884]
  0x000000000dcdb800 WatcherThread [stack: 0x0000000050e50000,0x0000000054e50000] [id=6700]

VM state:not at safepoint (normal execution)

VM Mutex/Monitor currently owned by a thread: None

Heap
 PSYoungGen      total 51648K, used 35145K [0x00000000e8000000, 0x00000000ebea0000, 0x0000000108000000)
  eden space 51136K, 67% used [0x00000000e8000000,0x00000000ea1d2708,0x00000000eb1f0000)
  from space 512K, 100% used [0x00000000ebe20000,0x00000000ebea0000,0x00000000ebea0000)
  to   space 1856K, 0% used [0x00000000ebb00000,0x00000000ebb00000,0x00000000ebcd0000)
 PSOldGen        total 91968K, used 76486K [0x0000000088000000, 0x000000008d9d0000, 0x00000000e8000000)
  object space 91968K, 83% used [0x0000000088000000,0x000000008cab1b58,0x000000008d9d0000)
 PSPermGen       total 69696K, used 69309K [0x0000000080000000, 0x0000000084410000, 0x0000000088000000)
  object space 69696K, 99% used [0x0000000080000000,0x00000000843af510,0x0000000084410000)

Dynamic libraries:
0x000000013f120000 - 0x000000013f152000 	D:\Program Files\MATLAB\R2012a\bin\win64\MATLAB.exe
0x0000000077110000 - 0x00000000772b9000 	C:\Windows\SYSTEM32\ntdll.dll
0x0000000076b30000 - 0x0000000076c4f000 	C:\Windows\system32\kernel32.dll
0x000007fefd3f0000 - 0x000007fefd45c000 	C:\Windows\system32\KERNELBASE.dll
0x0000000074460000 - 0x0000000074554000 	D:\Program Files\MATLAB\R2012a\bin\win64\libut.dll
0x00000000758a0000 - 0x0000000075952000 	D:\Program Files\MATLAB\R2012a\bin\win64\libmwi18n.dll
0x0000000180000000 - 0x000000018000b000 	D:\Program Files\MATLAB\R2012a\bin\win64\libmwresource_core.dll
0x00000000691b0000 - 0x0000000069283000 	C:\Windows\WinSxS\amd64_microsoft.vc90.crt_1fc8b3b9a1e18e3b_9.0.30729.4940_none_08e4299fa83d7e3c\MSVCP90.dll
0x00000000692d0000 - 0x000000006936d000 	C:\Windows\WinSxS\amd64_microsoft.vc90.crt_1fc8b3b9a1e18e3b_9.0.30729.4940_none_08e4299fa83d7e3c\MSVCR90.dll
0x000000007a170000 - 0x000000007a19c000 	D:\Program Files\MATLAB\R2012a\bin\win64\boost_filesystem-vc90-mt-1_44.dll
0x000000007a560000 - 0x000000007a569000 	D:\Program Files\MATLAB\R2012a\bin\win64\boost_system-vc90-mt-1_44.dll
0x000007fefdf50000 - 0x000007fefe02b000 	C:\Windows\system32\ADVAPI32.dll
0x000007fefe220000 - 0x000007fefe2bf000 	C:\Windows\system32\msvcrt.dll
0x000007fefdc70000 - 0x000007fefdc8f000 	C:\Windows\SYSTEM32\sechost.dll
0x000007fefe0f0000 - 0x000007fefe21d000 	C:\Windows\system32\RPCRT4.dll
0x000000007a010000 - 0x000000007a035000 	D:\Program Files\MATLAB\R2012a\bin\win64\LIBEXPAT.dll
0x0000000068fb0000 - 0x00000000691a1000 	D:\Program Files\MATLAB\R2012a\bin\win64\icuin44.dll
0x00000000667b0000 - 0x0000000066921000 	D:\Program Files\MATLAB\R2012a\bin\win64\icuuc44.dll
0x0000000010000000 - 0x0000000010e41000 	D:\Program Files\MATLAB\R2012a\bin\win64\icudt44.dll
0x0000000073f70000 - 0x00000000740ad000 	D:\Program Files\MATLAB\R2012a\bin\win64\libmwfl.dll
0x00000000042a0000 - 0x0000000004596000 	D:\Program Files\MATLAB\R2012a\bin\win64\libmwMATLAB_res.dll
0x000000007a3b0000 - 0x000000007a3c0000 	D:\Program Files\MATLAB\R2012a\bin\win64\boost_date_time-vc90-mt-1_44.dll
0x000000007a250000 - 0x000000007a263000 	D:\Program Files\MATLAB\R2012a\bin\win64\boost_signals-vc90-mt-1_44.dll
0x000000007a2d0000 - 0x000000007a2e2000 	D:\Program Files\MATLAB\R2012a\bin\win64\boost_thread-vc90-mt-1_44.dll
0x00000000045a0000 - 0x00000000045e6000 	D:\Program Files\MATLAB\R2012a\bin\win64\tbb.dll
0x000007fefe3d0000 - 0x000007fefe3e9000 	C:\Windows\system32\imagehlp.dll
0x00000000772e0000 - 0x00000000772e7000 	C:\Windows\system32\PSAPI.DLL
0x00000000692b0000 - 0x00000000692c3000 	D:\Program Files\MATLAB\R2012a\bin\win64\icuio44.dll
0x000007fefadc0000 - 0x000007fefaee5000 	C:\Windows\system32\dbghelp.dll
0x0000000076a30000 - 0x0000000076b2a000 	C:\Windows\system32\USER32.dll
0x000007fefe080000 - 0x000007fefe0e7000 	C:\Windows\system32\GDI32.dll
0x000007fefdc90000 - 0x000007fefdc9e000 	C:\Windows\system32\LPK.dll
0x000007fefe3f0000 - 0x000007fefe4b9000 	C:\Windows\system32\USP10.dll
0x000000007bed0000 - 0x000000007c183000 	D:\Program Files\MATLAB\R2012a\bin\win64\libmwservices.dll
0x0000000075a20000 - 0x0000000075ae2000 	D:\Program Files\MATLAB\R2012a\bin\win64\libmx.dll
0x000000007a210000 - 0x000000007a228000 	D:\Program Files\MATLAB\R2012a\bin\win64\zlib1.dll
0x0000000004630000 - 0x0000000004651000 	D:\Program Files\MATLAB\R2012a\bin\win64\libmwmfl_scalar.dll
0x0000000075f10000 - 0x0000000075f5d000 	D:\Program Files\MATLAB\R2012a\bin\win64\mpath.dll
0x000000007b680000 - 0x000000007bbe1000 	D:\Program Files\MATLAB\R2012a\bin\win64\mlutil.dll
0x0000000068f30000 - 0x0000000068faf000 	D:\Program Files\MATLAB\R2012a\bin\win64\xmlcore.dll
0x000000007bc30000 - 0x000000007be83000 	D:\Program Files\MATLAB\R2012a\bin\win64\xerces-c_2_7.dll
0x000007fefe030000 - 0x000007fefe07d000 	C:\Windows\system32\WS2_32.dll
0x000007feff2b0000 - 0x000007feff2b8000 	C:\Windows\system32\NSI.dll
0x00000000046b0000 - 0x00000000046ca000 	D:\Program Files\MATLAB\R2012a\bin\win64\libmwMATLAB_settings_res.dll
0x00000000046e0000 - 0x0000000004727000 	D:\Program Files\MATLAB\R2012a\bin\win64\boost_serialization-vc90-mt-1_44.dll
0x000007fefe520000 - 0x000007feff2a8000 	C:\Windows\system32\SHELL32.dll
0x000007feff3a0000 - 0x000007feff411000 	C:\Windows\system32\SHLWAPI.dll
0x000007fef3960000 - 0x000007fef3a00000 	C:\Windows\WinSxS\amd64_microsoft.windows.common-controls_6595b64144ccf1df_5.82.7601.18201_none_a4d3b9377117c3df\COMCTL32.dll
0x000007fefd7b0000 - 0x000007fefd847000 	C:\Windows\system32\COMDLG32.dll
0x000007fefb430000 - 0x000007fefb446000 	C:\Windows\system32\NETAPI32.dll
0x000007fefb420000 - 0x000007fefb42c000 	C:\Windows\system32\netutils.dll
0x000007fefcde0000 - 0x000007fefce03000 	C:\Windows\system32\srvcli.dll
0x000007fefb400000 - 0x000007fefb415000 	C:\Windows\system32\wkscli.dll
0x000007fefd850000 - 0x000007fefda53000 	C:\Windows\system32\ole32.dll
0x000007feff2c0000 - 0x000007feff397000 	C:\Windows\system32\OLEAUT32.dll
0x0000000074970000 - 0x0000000074b06000 	D:\Program Files\MATLAB\R2012a\bin\win64\mcr.dll
0x0000000075000000 - 0x000000007536b000 	D:\Program Files\MATLAB\R2012a\bin\win64\iqm.dll
0x0000000062410000 - 0x0000000062c31000 	D:\Program Files\MATLAB\R2012a\bin\win64\m_interpreter.dll
0x0000000068f00000 - 0x0000000068f25000 	D:\Program Files\MATLAB\R2012a\bin\win64\libmex.dll
0x00000000666f0000 - 0x00000000667a3000 	D:\Program Files\MATLAB\R2012a\bin\win64\m_dispatcher.dll
0x0000000074880000 - 0x000000007496d000 	D:\Program Files\MATLAB\R2012a\bin\win64\boost_regex-vc90-mt-1_44.dll
0x0000000068e70000 - 0x0000000068ef4000 	D:\Program Files\MATLAB\R2012a\bin\win64\profiler.dll
0x00000000047b0000 - 0x0000000004a05000 	D:\Program Files\MATLAB\R2012a\bin\win64\libmwmathutil.dll
0x0000000079f40000 - 0x0000000079f6d000 	D:\Program Files\MATLAB\R2012a\bin\win64\libmwmathrng.dll
0x0000000074c10000 - 0x0000000074ced000 	D:\Program Files\MATLAB\R2012a\bin\win64\libmwmathcore.dll
0x0000000076160000 - 0x00000000761cb000 	D:\Program Files\MATLAB\R2012a\bin\win64\libmwspmatrix.dll
0x0000000075ea0000 - 0x0000000075f02000 	D:\Program Files\MATLAB\R2012a\bin\win64\libmwcholmod.dll
0x000000007a460000 - 0x000000007a46d000 	D:\Program Files\MATLAB\R2012a\bin\win64\libmwamd.dll
0x000000007a4b0000 - 0x000000007a4bc000 	D:\Program Files\MATLAB\R2012a\bin\win64\libmwcolamd.dll
0x0000000069290000 - 0x00000000692a9000 	D:\Program Files\MATLAB\R2012a\bin\win64\libmwblas.dll
0x0000000068da0000 - 0x0000000068db2000 	D:\Program Files\MATLAB\R2012a\bin\win64\libmwbinder.dll
0x0000000068d90000 - 0x0000000068d9b000 	D:\Program Files\MATLAB\R2012a\bin\win64\libmwompwrapper.dll
0x0000000067a80000 - 0x0000000067b06000 	D:\Program Files\MATLAB\R2012a\bin\win64\libmwlapack.dll
0x0000000068d60000 - 0x0000000068d81000 	D:\Program Files\MATLAB\R2012a\bin\win64\m_pcodeio.dll
0x0000000079b10000 - 0x0000000079b77000 	D:\Program Files\MATLAB\R2012a\bin\win64\m_ir.dll
0x00000000660a0000 - 0x00000000666f0000 	D:\Program Files\MATLAB\R2012a\bin\win64\m_parser.dll
0x0000000068d40000 - 0x0000000068d5a000 	D:\Program Files\MATLAB\R2012a\bin\win64\ir_xfmr.dll
0x00000000631f0000 - 0x0000000063469000 	D:\Program Files\MATLAB\R2012a\bin\win64\mcos.dll
0x0000000068d30000 - 0x0000000068d3c000 	D:\Program Files\MATLAB\R2012a\bin\win64\mtok.dll
0x0000000066060000 - 0x0000000066091000 	D:\Program Files\MATLAB\R2012a\bin\win64\m_pcodegen.dll
0x0000000079fb0000 - 0x0000000079fe7000 	D:\Program Files\MATLAB\R2012a\bin\win64\libmwbridge.dll
0x0000000065d50000 - 0x0000000065e18000 	D:\Program Files\MATLAB\R2012a\bin\win64\udd.dll
0x0000000064a90000 - 0x0000000064be2000 	D:\Program Files\MATLAB\R2012a\bin\win64\libmwgui.dll
0x0000000067a60000 - 0x0000000067a77000 	D:\Program Files\MATLAB\R2012a\bin\win64\graphics_util.dll
0x0000000061a60000 - 0x0000000062403000 	D:\Program Files\MATLAB\R2012a\bin\win64\hg.dll
0x0000000004b80000 - 0x0000000004be7000 	D:\Program Files\MATLAB\R2012a\bin\win64\libmat.dll
0x0000000072d30000 - 0x0000000072f44000 	D:\Program Files\MATLAB\R2012a\bin\win64\hdf5dll.dll
0x0000000075710000 - 0x00000000757c1000 	D:\Program Files\MATLAB\R2012a\bin\win64\jmi.dll
0x0000000004c20000 - 0x0000000004c2e000 	D:\Program Files\MATLAB\R2012a\bin\win64\nativejava_services.dll
0x0000000065f50000 - 0x0000000065f92000 	D:\Program Files\MATLAB\R2012a\bin\win64\libmwhardcopy.dll
0x0000000065cf0000 - 0x0000000065d4a000 	D:\Program Files\MATLAB\R2012a\bin\win64\libuij.dll
0x0000000064880000 - 0x0000000064a8c000 	D:\Program Files\MATLAB\R2012a\bin\win64\hgdatatypes.dll
0x00000000630f0000 - 0x00000000631ed000 	D:\Program Files\MATLAB\R2012a\bin\win64\hgutils.dll
0x0000000064640000 - 0x00000000646fd000 	D:\Program Files\MATLAB\R2012a\bin\win64\udd_mi.dll
0x0000000004c90000 - 0x0000000004ccb000 	D:\Program Files\MATLAB\R2012a\bin\win64\libmwgbtutils.dll
0x0000000004ce0000 - 0x0000000004cf9000 	D:\Program Files\MATLAB\R2012a\bin\win64\libmwgbt.dll
0x0000000004d10000 - 0x0000000004fda000 	D:\Program Files\MATLAB\R2012a\bin\win64\uiw.dll
0x0000000068d20000 - 0x0000000068d2f000 	D:\Program Files\MATLAB\R2012a\bin\win64\uinone.dll
0x000007fefa910000 - 0x000007fefa928000 	C:\Windows\system32\MPR.dll
0x0000000061570000 - 0x0000000061a54000 	C:\Windows\WinSxS\amd64_microsoft.vc90.mfc_1fc8b3b9a1e18e3b_9.0.30729.4148_none_04480933ab2137b1\mfc90.dll
0x000007fefb160000 - 0x000007fefb167000 	C:\Windows\system32\MSIMG32.dll
0x000007fef7100000 - 0x000007fef7171000 	C:\Windows\system32\WINSPOOL.DRV
0x0000000066040000 - 0x0000000066060000 	D:\Program Files\MATLAB\R2012a\bin\win64\mwoles05.DLL
0x0000000065310000 - 0x000000006538c000 	D:\Program Files\MATLAB\R2012a\bin\win64\comcli.dll
0x0000000065f20000 - 0x0000000065f4f000 	C:\Windows\WinSxS\amd64_microsoft.vc90.atl_1fc8b3b9a1e18e3b_9.0.30729.4148_none_0a1d2fcba76b3f00\ATL90.DLL
0x0000000068c10000 - 0x0000000068c1c000 	D:\Program Files\MATLAB\R2012a\bin\win64\mlautoregister.dll
0x0000000005030000 - 0x0000000005040000 	D:\Program Files\MATLAB\R2012a\bin\win64\boost_iostreams-vc90-mt-1_44.dll
0x000007fefdca0000 - 0x000007fefdcce000 	C:\Windows\system32\IMM32.DLL
0x000007fefda60000 - 0x000007fefdb69000 	C:\Windows\system32\MSCTF.dll
0x000007fefbd80000 - 0x000007fefbdd6000 	C:\Windows\system32\UxTheme.dll
0x000007fefd460000 - 0x000007fefd478000 	C:\Windows\system32\dwmapi.dll
0x0000000067a50000 - 0x0000000067a59000 	C:\Windows\WinSxS\amd64_microsoft.vc90.mfcloc_1fc8b3b9a1e18e3b_9.0.30729.4148_none_01c6b44660ce74c3\MFC90CHS.DLL
0x00000000051a0000 - 0x00000000051c9000 	D:\Program Files\MATLAB\R2012a\bin\win64\tbbmalloc.dll
0x0000000078870000 - 0x0000000078ecd000 	D:\Program Files\MATLAB\R2012a\sys\java\jre\win64\jre\bin\server\jvm.dll
0x000007fefd480000 - 0x000007fefd4bb000 	C:\Windows\system32\WINMM.dll
0x000007fefd300000 - 0x000007fefd30f000 	C:\Windows\system32\profapi.dll
0x000007fefc530000 - 0x000007fefc557000 	C:\Windows\system32\iphlpapi.dll
0x000007fefc810000 - 0x000007fefc81b000 	C:\Windows\system32\WINNSI.DLL
0x000007fefc9c0000 - 0x000007fefca1b000 	C:\Windows\system32\DNSAPI.dll
0x000007fefa390000 - 0x000007fefa3a1000 	C:\Windows\system32\dhcpcsvc6.DLL
0x000007fefa370000 - 0x000007fefa388000 	C:\Windows\system32\dhcpcsvc.DLL
0x0000000065f10000 - 0x0000000065f13000 	C:\Windows\system32\icmp.Dll
0x000007fefd230000 - 0x000007fefd23f000 	C:\Windows\system32\CRYPTBASE.dll
0x000007fefd4c0000 - 0x000007fefd4f6000 	C:\Windows\system32\CFGMGR32.dll
0x000000007a440000 - 0x000000007a44e000 	D:\Program Files\MATLAB\R2012a\sys\java\jre\win64\jre\bin\verify.dll
0x000000007a070000 - 0x000000007a097000 	D:\Program Files\MATLAB\R2012a\sys\java\jre\win64\jre\bin\java.dll
0x000000007a540000 - 0x000000007a54a000 	D:\Program Files\MATLAB\R2012a\sys\java\jre\win64\jre\bin\hpi.dll
0x000000007a370000 - 0x000000007a382000 	D:\Program Files\MATLAB\R2012a\sys\java\jre\win64\jre\bin\zip.dll

VM Arguments:
jvm_args: -Xss512k -XX:PermSize=32m -Xms64m -XX:NewRatio=3 -XX:MaxPermSize=128m -Xmx2047m -XX:MaxDirectMemorySize=2147400000 -Dsun.java2d.noddraw=true -Dsun.awt.nopixfmt=true -Xshare:off -Xrs -Dsun.awt.disableMixing=true -Djava.library.path=D:\Program Files\MATLAB\R2012a\bin\win64 vfprintf abort -Duser.language=en -Duser.country=US 
java_command: <unknown>
Launcher Type: generic

Environment Variables:
PATH=C:\Qt\4.4.0;C:\Program Files (x86)\AMD APP\bin\x86_64;C:\Program Files (x86)\AMD APP\bin\x86;C:\Windows\system32;C:\Windows;C:\Windows\System32\Wbem;C:\Windows\System32\WindowsPowerShell\v1.0\;C:\Program Files (x86)\ATI Technologies\ATI.ACE\Core-Static;C:\Program Files (x86)\Microsoft SQL Server\90\Tools\binn\;D:\Program Files\MATLAB\R2012a\runtime\win64;D:\Program Files\MATLAB\R2012a\bin;C:\Program Files (x86)\IDM Computer Solutions\UltraEdit\
USERNAME=Administrator
OS=Windows_NT
PROCESSOR_IDENTIFIER=AMD64 Family 21 Model 1 Stepping 2, AuthenticAMD



---------------  S Y S T E M  ---------------

OS: Windows 7 Build 7601 Service Pack 1

CPU:total 6 (6 cores per cpu, 1 threads per core) family 21 model 1 stepping 2, cmov, cx8, fxsr, mmx, sse, sse2, sse3, ssse3, sse4.1, sse4.2, mmxext, sse4a

Memory: 4k page, physical 8387768k(3885692k free), swap 16773680k(11605072k free)

vm_info: Java HotSpot(TM) 64-Bit Server VM (14.3-b01) for windows-amd64 JRE (1.6.0_17-b04), built on Oct 11 2009 00:46:08 by "java_re" with MS VC++ 8.0

time: Fri Apr 24 21:17:58 2015
elapsed time: 87106 seconds

